#
# There is insufficient memory for the Java Runtime Environment to continue.
# Native memory allocation (malloc) failed to allocate 338656 bytes for Chunk::new
# Possible reasons:
#   The system is out of physical RAM or swap space
#   The process is running with CompressedOops enabled, and the Java Heap may be blocking the growth of the native heap
# Possible solutions:
#   Reduce memory load on the system
#   Increase physical memory or swap space
#   Check if swap backing store is full
#   Decrease Java heap size (-Xmx/-Xms)
#   Decrease number of Java threads
#   Decrease Java thread stack sizes (-Xss)
#   Set larger code cache with -XX:ReservedCodeCacheSize=
#   JVM is running with Unscaled Compressed Oops mode in which the Java heap is
#     placed in the first 4GB address space. The Java Heap base address is the
#     maximum limit for the native heap growth. Please use -XX:HeapBaseMinAddress
#     to set the Java Heap base and to place the Java Heap above 4GB virtual address.
# This output file may be truncated or incomplete.
#
#  Out of Memory Error (allocation.cpp:389), pid=13880, tid=0x0000000000003288
#
# JRE version: Java(TM) SE Runtime Environment (8.0_251-b08) (build 1.8.0_251-b08)
# Java VM: Java HotSpot(TM) 64-Bit Server VM (25.251-b08 mixed mode windows-amd64 compressed oops)
# Failed to write core dump. Minidumps are not enabled by default on client versions of Windows
#

---------------  T H R E A D  ---------------

Current thread (0x000000001731e800):  JavaThread "C2 CompilerThread1" daemon [_thread_in_native, id=12936, stack(0x0000000018a90000,0x0000000018b90000)]

Stack: [0x0000000018a90000,0x0000000018b90000]
[error occurred during error reporting (printing stack bounds), id 0xc0000005]

Native frames: (J=compiled Java code, j=interpreted, Vv=VM code, C=native code)


Current CompileTask:
C2:   2522 1504       4       com.google.inject.internal.asm.$Frame::putAbstractType (379 bytes)


---------------  P R O C E S S  ---------------

Java Threads: ( => current thread )
  0x0000000018cd8000 JavaThread "Service Thread" daemon [_thread_blocked, id=20612, stack(0x0000000019090000,0x0000000019190000)]
  0x0000000017322800 JavaThread "C1 CompilerThread2" daemon [_thread_in_vm, id=3484, stack(0x0000000018b90000,0x0000000018c90000)]
=>0x000000001731e800 JavaThread "C2 CompilerThread1" daemon [_thread_in_native, id=12936, stack(0x0000000018a90000,0x0000000018b90000)]
  0x0000000017317000 JavaThread "C2 CompilerThread0" daemon [_thread_in_native, id=24624, stack(0x0000000018990000,0x0000000018a90000)]
  0x0000000017313000 JavaThread "Attach Listener" daemon [_thread_blocked, id=10352, stack(0x0000000018890000,0x0000000018990000)]
  0x0000000017311800 JavaThread "Signal Dispatcher" daemon [_thread_blocked, id=8032, stack(0x0000000018790000,0x0000000018890000)]
  0x00000000030ed800 JavaThread "Finalizer" daemon [_thread_blocked, id=20992, stack(0x0000000018560000,0x0000000018660000)]
  0x00000000030e4800 JavaThread "Reference Handler" daemon [_thread_blocked, id=23556, stack(0x0000000018460000,0x0000000018560000)]
  0x0000000002ff5800 JavaThread "main" [_thread_in_Java, id=3184, stack(0x0000000002ef0000,0x0000000002ff0000)]

Other Threads:
  0x00000000172d8000 VMThread [stack: 0x0000000018360000,0x0000000018460000] [id=23744]
  0x0000000018cfd000 WatcherThread [stack: 0x0000000019190000,0x0000000019290000] [id=3488]

VM state:not at safepoint (normal execution)

VM Mutex/Monitor currently owned by a thread: None

heap address: 0x0000000091200000, size: 1774 MB, Compressed Oops mode: 32-bit
Narrow klass base: 0x0000000000000000, Narrow klass shift: 3
Compressed class space size: 1073741824 Address: 0x0000000100000000

Heap:
 PSYoungGen      total 33280K, used 10457K [0x00000000db100000, 0x00000000dd600000, 0x0000000100000000)
  eden space 28672K, 20% used [0x00000000db100000,0x00000000db6ba538,0x00000000dcd00000)
  from space 4608K, 99% used [0x00000000dd180000,0x00000000dd5fc010,0x00000000dd600000)
  to   space 4608K, 0% used [0x00000000dcd00000,0x00000000dcd00000,0x00000000dd180000)
 ParOldGen       total 76800K, used 3984K [0x0000000091200000, 0x0000000095d00000, 0x00000000db100000)
  object space 76800K, 5% used [0x0000000091200000,0x00000000915e4168,0x0000000095d00000)
 Metaspace       used 11490K, capacity 11720K, committed 12032K, reserved 1060864K
  class space    used 1386K, capacity 1462K, committed 1536K, reserved 1048576K

Card table byte_map: [0x00000000124b0000,0x0000000012830000] byte_map_base: 0x0000000012027000

Marking Bits: (ParMarkBitMap*) 0x00000000722daf90
 Begin Bits: [0x0000000012e80000, 0x0000000014a38000)
 End Bits:   [0x0000000014a38000, 0x00000000165f0000)

Polling page: 0x00000000011f0000

CodeCache: size=245760Kb used=5159Kb max_used=5159Kb free=240600Kb
 bounds [0x00000000030f0000, 0x0000000003600000, 0x00000000120f0000]
 total_blobs=1889 nmethods=1552 adapters=250
 compilation: enabled

Compilation events (10 events):
Event: 2.486 Thread 0x0000000017322800 nmethod 1532 0x00000000035ea1d0 code [0x00000000035ea360, 0x00000000035ea868]
Event: 2.486 Thread 0x0000000017322800 1533       3       com.google.inject.internal.cglib.core.$EmitUtils$12::processCase (37 bytes)
Event: 2.486 Thread 0x0000000017322800 nmethod 1533 0x00000000035ea9d0 code [0x00000000035eab60, 0x00000000035eaf38]
Event: 2.486 Thread 0x0000000017322800 1534       3       com.google.inject.internal.cglib.core.$EmitUtils::access$800 (12 bytes)
Event: 2.486 Thread 0x0000000017322800 nmethod 1534 0x00000000035eb090 code [0x00000000035eb200, 0x00000000035eb368]
Event: 2.486 Thread 0x0000000017322800 1535       3       java.util.LinkedList::get (14 bytes)
Event: 2.487 Thread 0x0000000017322800 nmethod 1535 0x00000000035eb410 code [0x00000000035eb5c0, 0x00000000035eb9e8]
Event: 2.487 Thread 0x0000000017322800 1538       3       com.google.inject.internal.asm.$MethodWriter::visitSwitchInsn (174 bytes)
Event: 2.489 Thread 0x0000000017322800 nmethod 1538 0x00000000035ebbd0 code [0x00000000035ebe00, 0x00000000035ecc78]
Event: 2.489 Thread 0x0000000017322800 1536       3       java.util.LinkedList::checkElementIndex (22 bytes)

GC Heap History (4 events):
Event: 1.296 GC heap before
{Heap before GC invocations=1 (full 0):
 PSYoungGen      total 33280K, used 28672K [0x00000000db100000, 0x00000000dd600000, 0x0000000100000000)
  eden space 28672K, 100% used [0x00000000db100000,0x00000000dcd00000,0x00000000dcd00000)
  from space 4608K, 0% used [0x00000000dd180000,0x00000000dd180000,0x00000000dd600000)
  to   space 4608K, 0% used [0x00000000dcd00000,0x00000000dcd00000,0x00000000dd180000)
 ParOldGen       total 76800K, used 0K [0x0000000091200000, 0x0000000095d00000, 0x00000000db100000)
  object space 76800K, 0% used [0x0000000091200000,0x0000000091200000,0x0000000095d00000)
 Metaspace       used 7066K, capacity 7230K, committed 7424K, reserved 1056768K
  class space    used 815K, capacity 897K, committed 1024K, reserved 1048576K
Event: 1.304 GC heap after
Heap after GC invocations=1 (full 0):
 PSYoungGen      total 33280K, used 4601K [0x00000000db100000, 0x00000000dd600000, 0x0000000100000000)
  eden space 28672K, 0% used [0x00000000db100000,0x00000000db100000,0x00000000dcd00000)
  from space 4608K, 99% used [0x00000000dcd00000,0x00000000dd17e638,0x00000000dd180000)
  to   space 4608K, 0% used [0x00000000dd180000,0x00000000dd180000,0x00000000dd600000)
 ParOldGen       total 76800K, used 990K [0x0000000091200000, 0x0000000095d00000, 0x00000000db100000)
  object space 76800K, 1% used [0x0000000091200000,0x00000000912f7948,0x0000000095d00000)
 Metaspace       used 7066K, capacity 7230K, committed 7424K, reserved 1056768K
  class space    used 815K, capacity 897K, committed 1024K, reserved 1048576K
}
Event: 2.333 GC heap before
{Heap before GC invocations=2 (full 0):
 PSYoungGen      total 33280K, used 33273K [0x00000000db100000, 0x00000000dd600000, 0x0000000100000000)
  eden space 28672K, 100% used [0x00000000db100000,0x00000000dcd00000,0x00000000dcd00000)
  from space 4608K, 99% used [0x00000000dcd00000,0x00000000dd17e638,0x00000000dd180000)
  to   space 4608K, 0% used [0x00000000dd180000,0x00000000dd180000,0x00000000dd600000)
 ParOldGen       total 76800K, used 990K [0x0000000091200000, 0x0000000095d00000, 0x00000000db100000)
  object space 76800K, 1% used [0x0000000091200000,0x00000000912f7948,0x0000000095d00000)
 Metaspace       used 11175K, capacity 11420K, committed 11776K, reserved 1058816K
  class space    used 1354K, capacity 1428K, committed 1536K, reserved 1048576K
Event: 2.346 GC heap after
Heap after GC invocations=2 (full 0):
 PSYoungGen      total 33280K, used 4592K [0x00000000db100000, 0x00000000dd600000, 0x0000000100000000)
  eden space 28672K, 0% used [0x00000000db100000,0x00000000db100000,0x00000000dcd00000)
  from space 4608K, 99% used [0x00000000dd180000,0x00000000dd5fc010,0x00000000dd600000)
  to   space 4608K, 0% used [0x00000000dcd00000,0x00000000dcd00000,0x00000000dd180000)
 ParOldGen       total 76800K, used 3984K [0x0000000091200000, 0x0000000095d00000, 0x00000000db100000)
  object space 76800K, 5% used [0x0000000091200000,0x00000000915e4168,0x0000000095d00000)
 Metaspace       used 11175K, capacity 11420K, committed 11776K, reserved 1058816K
  class space    used 1354K, capacity 1428K, committed 1536K, reserved 1048576K
}

Deoptimization events (10 events):
Event: 1.458 Thread 0x0000000002ff5800 Uncommon trap: reason=unstable_if action=reinterpret pc=0x00000000033899a8 method=java.util.HashMap.tableSizeFor(I)I @ 37
Event: 1.589 Thread 0x0000000002ff5800 Uncommon trap: reason=range_check action=make_not_entrant pc=0x00000000033f6ba0 method=sun.reflect.generics.parser.SignatureParser.current()C @ 34
Event: 1.824 Thread 0x0000000002ff5800 Uncommon trap: reason=unstable_if action=reinterpret pc=0x0000000003384134 method=java.lang.ref.SoftReference.get()Ljava/lang/Object; @ 17
Event: 1.832 Thread 0x0000000002ff5800 Uncommon trap: reason=unstable_if action=reinterpret pc=0x0000000003342514 method=java.math.BigInteger.addOne([IIII)I @ 55
Event: 1.929 Thread 0x0000000002ff5800 Uncommon trap: reason=unstable_if action=reinterpret pc=0x00000000033994a8 method=sun.misc.MetaIndex.mayContain(Ljava/lang/String;)Z @ 38
Event: 2.226 Thread 0x0000000002ff5800 Uncommon trap: reason=class_check action=maybe_recompile pc=0x00000000034c6120 method=java.lang.reflect.Executable.declaredAnnotations()Ljava/util/Map; @ 8
Event: 2.226 Thread 0x0000000002ff5800 Uncommon trap: reason=class_check action=maybe_recompile pc=0x00000000034c6120 method=java.lang.reflect.Executable.declaredAnnotations()Ljava/util/Map; @ 8
Event: 2.241 Thread 0x0000000002ff5800 Uncommon trap: reason=class_check action=maybe_recompile pc=0x00000000034c6120 method=java.lang.reflect.Executable.declaredAnnotations()Ljava/util/Map; @ 8
Event: 2.241 Thread 0x0000000002ff5800 Uncommon trap: reason=class_check action=maybe_recompile pc=0x00000000034c6120 method=java.lang.reflect.Executable.declaredAnnotations()Ljava/util/Map; @ 8
Event: 2.416 Thread 0x0000000002ff5800 Uncommon trap: reason=unstable_if action=reinterpret pc=0x0000000003351230 method=java.lang.ref.SoftReference.get()Ljava/lang/Object; @ 17

Classes redefined (0 events):
No events

Internal exceptions (10 events):
Event: 1.548 Thread 0x0000000002ff5800 Exception <a 'java/lang/ArrayIndexOutOfBoundsException'> (0x00000000db85c590) thrown at [C:\jenkins\workspace\8-2-build-windows-amd64-cygwin\jdk8u251\737\hotspot\src\share\vm\runtime\sharedRuntime.cpp, line 605]
Event: 1.548 Thread 0x0000000002ff5800 Exception <a 'java/lang/ArrayIndexOutOfBoundsException'> (0x00000000db85da18) thrown at [C:\jenkins\workspace\8-2-build-windows-amd64-cygwin\jdk8u251\737\hotspot\src\share\vm\runtime\sharedRuntime.cpp, line 605]
Event: 1.548 Thread 0x0000000002ff5800 Exception <a 'java/lang/ArrayIndexOutOfBoundsException'> (0x00000000db85ea98) thrown at [C:\jenkins\workspace\8-2-build-windows-amd64-cygwin\jdk8u251\737\hotspot\src\share\vm\runtime\sharedRuntime.cpp, line 605]
Event: 1.560 Thread 0x0000000002ff5800 Exception <a 'java/lang/ArrayIndexOutOfBoundsException'> (0x00000000db8bbd10) thrown at [C:\jenkins\workspace\8-2-build-windows-amd64-cygwin\jdk8u251\737\hotspot\src\share\vm\runtime\sharedRuntime.cpp, line 605]
Event: 1.560 Thread 0x0000000002ff5800 Exception <a 'java/lang/ArrayIndexOutOfBoundsException'> (0x00000000db8bd1f0) thrown at [C:\jenkins\workspace\8-2-build-windows-amd64-cygwin\jdk8u251\737\hotspot\src\share\vm\runtime\sharedRuntime.cpp, line 605]
Event: 1.561 Thread 0x0000000002ff5800 Exception <a 'java/lang/ArrayIndexOutOfBoundsException'> (0x00000000db8c8160) thrown at [C:\jenkins\workspace\8-2-build-windows-amd64-cygwin\jdk8u251\737\hotspot\src\share\vm\runtime\sharedRuntime.cpp, line 605]
Event: 1.565 Thread 0x0000000002ff5800 Exception <a 'java/lang/ArrayIndexOutOfBoundsException'> (0x00000000db8e8f08) thrown at [C:\jenkins\workspace\8-2-build-windows-amd64-cygwin\jdk8u251\737\hotspot\src\share\vm\runtime\sharedRuntime.cpp, line 605]
Event: 1.589 Thread 0x0000000002ff5800 Exception <a 'java/lang/ArrayIndexOutOfBoundsException': 53> (0x00000000db951118) thrown at [C:\jenkins\workspace\8-2-build-windows-amd64-cygwin\jdk8u251\737\hotspot\src\share\vm\interpreter\interpreterRuntime.cpp, line 368]
Event: 1.590 Thread 0x0000000002ff5800 Exception <a 'java/lang/ArrayIndexOutOfBoundsException': 160> (0x00000000db952da8) thrown at [C:\jenkins\workspace\8-2-build-windows-amd64-cygwin\jdk8u251\737\hotspot\src\share\vm\interpreter\interpreterRuntime.cpp, line 368]
Event: 1.590 Thread 0x0000000002ff5800 Exception <a 'java/lang/ArrayIndexOutOfBoundsException': 40> (0x00000000db953a30) thrown at [C:\jenkins\workspace\8-2-build-windows-amd64-cygwin\jdk8u251\737\hotspot\src\share\vm\interpreter\interpreterRuntime.cpp, line 368]

Events (10 events):
Event: 2.461 loading class com/google/common/util/concurrent/Service$Listener
Event: 2.461 loading class com/google/common/util/concurrent/Service$Listener done
Event: 2.472 loading class io/sarl/sre/services/executor/EarlyExitException
Event: 2.472 loading class io/sarl/sre/services/executor/EarlyExitException done
Event: 2.472 Executing VM operation: CollectForMetadataAllocation
Event: 2.473 Executing VM operation: CollectForMetadataAllocation done
Event: 2.476 loading class java/util/concurrent/ScheduledFuture
Event: 2.477 loading class java/util/concurrent/Delayed
Event: 2.477 loading class java/util/concurrent/Delayed done
Event: 2.477 loading class java/util/concurrent/ScheduledFuture done


Dynamic libraries:
0x00007ff784480000 - 0x00007ff7844b7000 	C:\Program Files\Java\jre1.8.0_251\bin\javaw.exe
0x00007ffb475e0000 - 0x00007ffb477d0000 	C:\WINDOWS\SYSTEM32\ntdll.dll
0x00007ffb45f90000 - 0x00007ffb46042000 	C:\WINDOWS\System32\KERNEL32.DLL
0x00007ffb449b0000 - 0x00007ffb44c55000 	C:\WINDOWS\System32\KERNELBASE.dll
0x00007ffb47420000 - 0x00007ffb474c3000 	C:\WINDOWS\System32\ADVAPI32.dll
0x00007ffb46e10000 - 0x00007ffb46eae000 	C:\WINDOWS\System32\msvcrt.dll
0x00007ffb467d0000 - 0x00007ffb46867000 	C:\WINDOWS\System32\sechost.dll
0x00007ffb45d90000 - 0x00007ffb45eb0000 	C:\WINDOWS\System32\RPCRT4.dll
0x00007ffb46f10000 - 0x00007ffb470a4000 	C:\WINDOWS\System32\USER32.dll
0x00007ffb44e80000 - 0x00007ffb44ea1000 	C:\WINDOWS\System32\win32u.dll
0x00007ffb471c0000 - 0x00007ffb471e6000 	C:\WINDOWS\System32\GDI32.dll
0x00007ffb44550000 - 0x00007ffb446e6000 	C:\WINDOWS\System32\gdi32full.dll
0x00007ffb44780000 - 0x00007ffb4481e000 	C:\WINDOWS\System32\msvcp_win.dll
0x00007ffb448b0000 - 0x00007ffb449aa000 	C:\WINDOWS\System32\ucrtbase.dll
0x00007ffb31040000 - 0x00007ffb312c4000 	C:\WINDOWS\WinSxS\amd64_microsoft.windows.common-controls_6595b64144ccf1df_6.0.18362.1256_none_9e7e379be45e40e2\COMCTL32.dll
0x00007ffb469b0000 - 0x00007ffb46ce6000 	C:\WINDOWS\System32\combase.dll
0x00007ffb44820000 - 0x00007ffb448a1000 	C:\WINDOWS\System32\bcryptPrimitives.dll
0x00007ffb46060000 - 0x00007ffb4608e000 	C:\WINDOWS\System32\IMM32.DLL
0x0000000074280000 - 0x0000000074352000 	C:\Program Files\Java\jre1.8.0_251\bin\msvcr100.dll
0x0000000071ab0000 - 0x000000007235b000 	C:\Program Files\Java\jre1.8.0_251\bin\server\jvm.dll
0x00007ffb45d80000 - 0x00007ffb45d88000 	C:\WINDOWS\System32\PSAPI.DLL
0x00007ffb33600000 - 0x00007ffb33609000 	C:\WINDOWS\SYSTEM32\WSOCK32.dll
0x00007ffb42470000 - 0x00007ffb42494000 	C:\WINDOWS\SYSTEM32\WINMM.dll
0x00007ffb46da0000 - 0x00007ffb46e0f000 	C:\WINDOWS\System32\WS2_32.dll
0x00007ffb3ca20000 - 0x00007ffb3ca2a000 	C:\WINDOWS\SYSTEM32\VERSION.dll
0x00007ffb42440000 - 0x00007ffb4246d000 	C:\WINDOWS\SYSTEM32\WINMMBASE.dll
0x00007ffb44eb0000 - 0x00007ffb44efa000 	C:\WINDOWS\System32\cfgmgr32.dll
0x00007ffb39d40000 - 0x00007ffb39d4f000 	C:\Program Files\Java\jre1.8.0_251\bin\verify.dll
0x00007ffb2f3b0000 - 0x00007ffb2f3d9000 	C:\Program Files\Java\jre1.8.0_251\bin\java.dll
0x00007ffb2d170000 - 0x00007ffb2d186000 	C:\Program Files\Java\jre1.8.0_251\bin\zip.dll
0x00007ffb45690000 - 0x00007ffb45d77000 	C:\WINDOWS\System32\SHELL32.dll
0x00007ffb47110000 - 0x00007ffb471b9000 	C:\WINDOWS\System32\shcore.dll
0x00007ffb44f00000 - 0x00007ffb45681000 	C:\WINDOWS\System32\windows.storage.dll
0x00007ffb44520000 - 0x00007ffb44543000 	C:\WINDOWS\System32\profapi.dll
0x00007ffb444d0000 - 0x00007ffb4451a000 	C:\WINDOWS\System32\powrprof.dll
0x00007ffb44480000 - 0x00007ffb44490000 	C:\WINDOWS\System32\UMPDC.dll
0x00007ffb470b0000 - 0x00007ffb47102000 	C:\WINDOWS\System32\shlwapi.dll
0x00007ffb44490000 - 0x00007ffb444a1000 	C:\WINDOWS\System32\kernel.appcore.dll
0x00007ffb44e60000 - 0x00007ffb44e77000 	C:\WINDOWS\System32\cryptsp.dll

VM Arguments:
jvm_args: -Dfile.encoding=windows-1252 
java_command: io.sarl.sre.boot.Boot --log=info --boot-type=default fr.utbm.ia54.acotsp.BootAgent --
java_class_path (initial): C:\Users\yaben\IA54\plugins\io.janusproject.plugin_0.11.0.jar;C:\Users\yaben\IA54\plugins\io.sarl.core_0.11.0.jar;C:\Users\yaben\IA54\plugins\org.apache.commons.cli_1.4.0.jar;C:\Users\yaben\IA54\plugins\org.arakhne.afc.core.vmutils_16.0.0.jar;C:\Users\yaben\IA54\plugins\org.arakhne.afc.core.util_16.0.0.jar;C:\Users\yaben\IA54\plugins\org.arakhne.afc.core.inputoutput_16.0.0.jar;C:\Users\yaben\IA54\plugins\com.google.gson_2.8.5.jar;C:\Users\yaben\IA54\plugins\com.fasterxml.jackson.core.jackson-annotations_2.10.0.pr1.jar;C:\Users\yaben\IA54\plugins\com.fasterxml.jackson.core.jackson-core_2.10.0.pr1.jar;C:\Users\yaben\IA54\plugins\com.fasterxml.jackson.core.jackson-databind_2.10.0.pr1.jar;C:\Users\yaben\IA54\plugins\com.fasterxml.jackson.dataformat.jackson-dataformat-xml_2.10.1.jar;C:\Users\yaben\IA54\plugins\com.fasterxml.jackson.dataformat.jackson-dataformat-yaml_2.10.0.pr1.jar;C:\Users\yaben\IA54\plugins\io.bootique_1.1.0.jar;C:\Users\yaben\IA54\plugins\org.arakhne.afc.bootique.log4j_16.0.0.jar;C:\Users\yaben\IA54\plugins\java-uuid-generator_4.0.1.jar;C:\Users\yaben\IA54\plugins\io.sarl.lang.core_0.11.0.jar;C:\Users\yaben\IA54\plugins\io.sarl.util_0.11.0.jar;C:\Users\yaben\IA54\plugins\com.fasterxml.jackson.module.jackson-module-jaxb-annotations_2.10.1.jar;C:\Users\yaben\IA54\plugins\stax2-api_4.2.0.jar;C:\Users\yaben\IA54\plugins\org.yaml.snakeyaml_1.24.0.jar;C:\Users\yaben\IA54\plugins\net.sf.jopt-simple.jopt-simple_5.0.3.jar;C:\Users\yaben\IA54\plugins\org.apache.log4j_1.2.15.v201012070815.jar;C:\Users\yaben\IA54\plugins\org.arakhne.afc.bootique.variables_16.0.0.jar;C:\Users\yaben\IA54\plugins\jul.to.slf4j_2.0.0.alpha1.jar;C:\Users\yaben\IA54\plugins\org.eclipse.xtext.xbase.lib_2.20.0.v20191202-0907.jar;C:\Users\yaben\IA54\plugins\org.eclipse.xtend.lib_2.20.0.v20191202-0907.jar;C:\Users\yaben\IA54\plugins\javax.inject_1.0.0.v20091030.jar;C:\Users\yaben\IA54\plugins\com.google.inject_4.2.2.jar;C:\Users\yaben\IA54\plugins\jakarta.xml.bin
Launcher Type: SUN_STANDARD

Environment Variables:
PATH=C:/Program Files/Java/jdk1.8.0_191/jre/bin/server;C:/Program Files/Java/jdk1.8.0_191/jre/bin;C:/Program Files/Java/jdk1.8.0_191/jre/lib/amd64;C:\app\yaben\product\18.0.0\dbhomeXE\bin;C:\Program Files\AdoptOpenJDK\jdk-11.0.3.7-hotspot\bin;C:\Program Files (x86)\Common Files\Oracle\Java\javapath;C:\WINDOWS\system32;C:\WINDOWS;C:\WINDOWS\System32\Wbem;C:\WINDOWS\System32\WindowsPowerShell\v1.0\;C:\WINDOWS\System32\OpenSSH\;C:\Program Files\RedHat\java-11-openjdk-11.0.3-1\bin;C:\Program Files\Git\cmd;C:\Program Files\nodejs\;C:\Users\yaben\AppData\Local\Microsoft\WindowsApps;C:\Users\yaben\AppData\Local\Programs\Microsoft VS Code\bin;C:\Users\yaben\AppData\Roaming\npm;C:\Program Files (x86)\php-7.4.5-Win32-vc15-x64;C:\Program Files (x86)\sonar-scanner-4.3.0.2102-windows\bin;C:\Users\yaben\AppData\Local\GitHubDesktop\bin;C:\Users\yaben\IA54;
USERNAME=yaben
OS=Windows_NT
PROCESSOR_IDENTIFIER=AMD64 Family 22 Model 48 Stepping 1, AuthenticAMD



---------------  S Y S T E M  ---------------

OS: Windows 10.0 , 64 bit Build 18362 (10.0.18362.1110)

CPU:total 4 (initial active 4) (4 cores per cpu, 1 threads per core) family 22 model 48 stepping 1, cmov, cx8, fxsr, mmx, sse, sse2, sse3, ssse3, sse4.1, sse4.2, popcnt, avx, aes, clmul, mmxext, 3dnowpref, lzcnt, sse4a, tsc, tscinvbit, tscinv, bmi1

Memory: 4k page, physical 7262184k(538328k free), swap 29282280k(2272k free)

vm_info: Java HotSpot(TM) 64-Bit Server VM (25.251-b08) for windows-amd64 JRE (1.8.0_251-b08), built on Mar 12 2020 06:31:49 by "" with MS VC++ 10.0 (VS2010)

time: Thu Dec 17 20:23:20 2020
timezone: Paris, Madrid
elapsed time: 2 seconds (0d 0h 0m 2s)

